Traceback (most recent call last):
  File "/Users/xaru/work/pdiow/lib/python3.8/site-packages/jupyter_cache/executors/utils.py", line 51, in single_nb_execution
    executenb(
  File "/Users/xaru/work/pdiow/lib/python3.8/site-packages/nbclient/client.py", line 1087, in execute
    return NotebookClient(nb=nb, resources=resources, km=km, **kwargs).execute()
  File "/Users/xaru/work/pdiow/lib/python3.8/site-packages/nbclient/util.py", line 74, in wrapped
    return just_run(coro(*args, **kwargs))
  File "/Users/xaru/work/pdiow/lib/python3.8/site-packages/nbclient/util.py", line 53, in just_run
    return loop.run_until_complete(coro)
  File "/usr/local/Cellar/python@3.8/3.8.6/Frameworks/Python.framework/Versions/3.8/lib/python3.8/asyncio/base_events.py", line 616, in run_until_complete
    return future.result()
  File "/Users/xaru/work/pdiow/lib/python3.8/site-packages/nbclient/client.py", line 540, in async_execute
    await self.async_execute_cell(
  File "/Users/xaru/work/pdiow/lib/python3.8/site-packages/nbclient/client.py", line 832, in async_execute_cell
    self._check_raise_for_error(cell, exec_reply)
  File "/Users/xaru/work/pdiow/lib/python3.8/site-packages/nbclient/client.py", line 740, in _check_raise_for_error
    raise CellExecutionError.from_cell_and_msg(cell, exec_reply['content'])
nbclient.exceptions.CellExecutionError: An error occurred while executing the following cell:
------------------
from pandas.plotting import scatter_matrix

scatter_matrix(df, alpha=0.5, figsize=(16, 16), diagonal="kde");
------------------

[0;31m---------------------------------------------------------------------------[0m
[0;31mTypeError[0m                                 Traceback (most recent call last)
[0;32m<ipython-input-72-ffa5bf80e82c>[0m in [0;36m<module>[0;34m[0m
[1;32m      1[0m [0;32mfrom[0m [0mpandas[0m[0;34m.[0m[0mplotting[0m [0;32mimport[0m [0mscatter_matrix[0m[0;34m[0m[0;34m[0m[0m
[1;32m      2[0m [0;34m[0m[0m
[0;32m----> 3[0;31m [0mscatter_matrix[0m[0;34m([0m[0mdf[0m[0;34m,[0m [0malpha[0m[0;34m=[0m[0;36m0.5[0m[0;34m,[0m [0mfigsize[0m[0;34m=[0m[0;34m([0m[0;36m16[0m[0;34m,[0m [0;36m16[0m[0;34m)[0m[0;34m,[0m [0mdiagonal[0m[0;34m=[0m[0;34m"kde"[0m[0;34m)[0m[0;34m;[0m[0;34m[0m[0;34m[0m[0m
[0m
[0;32m~/work/pdiow/lib/python3.8/site-packages/pandas/plotting/_misc.py[0m in [0;36mscatter_matrix[0;34m(frame, alpha, figsize, ax, grid, diagonal, marker, density_kwds, hist_kwds, range_padding, **kwargs)[0m
[1;32m    126[0m     """
[1;32m    127[0m     [0mplot_backend[0m [0;34m=[0m [0m_get_plot_backend[0m[0;34m([0m[0;34m"matplotlib"[0m[0;34m)[0m[0;34m[0m[0;34m[0m[0m
[0;32m--> 128[0;31m     return plot_backend.scatter_matrix(
[0m[1;32m    129[0m         [0mframe[0m[0;34m=[0m[0mframe[0m[0;34m,[0m[0;34m[0m[0;34m[0m[0m
[1;32m    130[0m         [0malpha[0m[0;34m=[0m[0malpha[0m[0;34m,[0m[0;34m[0m[0;34m[0m[0m

[0;32m~/work/pdiow/lib/python3.8/site-packages/pandas/plotting/_matplotlib/misc.py[0m in [0;36mscatter_matrix[0;34m(frame, alpha, figsize, ax, grid, diagonal, marker, density_kwds, hist_kwds, range_padding, **kwds)[0m
[1;32m     56[0m         [0mvalues[0m [0;34m=[0m [0mdf[0m[0;34m[[0m[0ma[0m[0;34m][0m[0;34m.[0m[0mvalues[0m[0;34m[[0m[0mmask[0m[0;34m[[0m[0ma[0m[0;34m][0m[0;34m.[0m[0mvalues[0m[0;34m][0m[0;34m[0m[0;34m[0m[0m
[1;32m     57[0m         [0mrmin_[0m[0;34m,[0m [0mrmax_[0m [0;34m=[0m [0mnp[0m[0;34m.[0m[0mmin[0m[0;34m([0m[0mvalues[0m[0;34m)[0m[0;34m,[0m [0mnp[0m[0;34m.[0m[0mmax[0m[0;34m([0m[0mvalues[0m[0;34m)[0m[0;34m[0m[0;34m[0m[0m
[0;32m---> 58[0;31m         [0mrdelta_ext[0m [0;34m=[0m [0;34m([0m[0mrmax_[0m [0;34m-[0m [0mrmin_[0m[0;34m)[0m [0;34m*[0m [0mrange_padding[0m [0;34m/[0m [0;36m2.0[0m[0;34m[0m[0;34m[0m[0m
[0m[1;32m     59[0m         [0mboundaries_list[0m[0;34m.[0m[0mappend[0m[0;34m([0m[0;34m([0m[0mrmin_[0m [0;34m-[0m [0mrdelta_ext[0m[0;34m,[0m [0mrmax_[0m [0;34m+[0m [0mrdelta_ext[0m[0;34m)[0m[0;34m)[0m[0;34m[0m[0;34m[0m[0m
[1;32m     60[0m [0;34m[0m[0m

[0;31mTypeError[0m: numpy boolean subtract, the `-` operator, is not supported, use the bitwise_xor, the `^` operator, or the logical_xor function instead.
TypeError: numpy boolean subtract, the `-` operator, is not supported, use the bitwise_xor, the `^` operator, or the logical_xor function instead.

